<?xml version="1.0" encoding="utf-8"?><testsuite errors="0" failures="4" name="pytest" skipped="28" tests="169" time="83.537"><testcase classname="tests.test_datatype" file="tests/test_datatype.py" line="3" name="test_package_encode_decode" time="0.001"></testcase><testcase classname="tests.test_formats" file="tests/test_formats.py" line="9" name="test_get_cwl_file_format_tuple" time="0.653"></testcase><testcase classname="tests.test_formats" file="tests/test_formats.py" line="24" name="test_get_cwl_file_format_reference" time="0.608"></testcase><testcase classname="tests.test_formats" file="tests/test_formats.py" line="36" name="test_get_cwl_file_format_unknown" time="0.613"></testcase><testcase classname="tests.test_formats" file="tests/test_formats.py" line="43" name="test_clean_mime_type_format_iana" time="0.001"></testcase><testcase classname="tests.test_formats" file="tests/test_formats.py" line="52" name="test_clean_mime_type_format_edam" time="0.001"></testcase><testcase classname="tests.test_mongodb.MongodbServiceStoreTestCase" file="tests/test_mongodb.py" line="21" name="test_fetch_by_name" time="0.002"></testcase><testcase classname="tests.test_mongodb.MongodbServiceStoreTestCase" file="tests/test_mongodb.py" line="30" name="test_save_service_default" time="0.003"></testcase><testcase classname="tests.test_mongodb.MongodbServiceStoreTestCase" file="tests/test_mongodb.py" line="49" name="test_save_service_public" time="0.002"></testcase><testcase classname="tests.test_mongodb.MongodbServiceStoreTestCase" file="tests/test_mongodb.py" line="39" name="test_save_service_with_special_name" time="0.003"></testcase><testcase classname="tests.test_opensearch" file="tests/test_opensearch.py" line="106" name="test_transform_execute_parameters_wps" time="0.003"></testcase><testcase classname="tests.test_opensearch" file="tests/test_opensearch.py" line="149" name="test_load_wkt" time="0.001"><skipped message="The user-provided bbox is now a comma delimited string, not a WKT." type="pytest.skip">tests/test_opensearch.py:149: The user-provided bbox is now a comma delimited string, not a WKT.</skipped></testcase><testcase classname="tests.test_opensearch" file="tests/test_opensearch.py" line="165" name="test_deploy_opensearch" time="1.141"><system-err>Resolved &apos;/tmp/tmpcVfU9h/package&apos; to &apos;file:///tmp/tmpcVfU9h/package&apos;
</system-err></testcase><testcase classname="tests.test_opensearch" file="tests/test_opensearch.py" line="200" name="test_handle_EOI_unique_aoi_unique_toi" time="0.009"></testcase><testcase classname="tests.test_opensearch" file="tests/test_opensearch.py" line="210" name="test_handle_EOI_unique_aoi_non_unique_toi" time="0.021"></testcase><testcase classname="tests.test_opensearch" file="tests/test_opensearch.py" line="220" name="test_handle_EOI_non_unique_aoi_unique_toi" time="0.024"></testcase><testcase classname="tests.test_opensearch" file="tests/test_opensearch.py" line="229" name="test_get_additional_parameters" time="0.000"></testcase><testcase classname="tests.test_opensearch" file="tests/test_opensearch.py" line="246" name="test_get_template_urls" time="0.670"></testcase><testcase classname="tests.test_opensearch" file="tests/test_opensearch.py" line="382" name="test_query_sentinel2" time="1.244"></testcase><testcase classname="tests.test_opensearch" file="tests/test_opensearch.py" line="391" name="test_query_probav" time="1.143"><skipped message="expected test failure">Cannot login to protected &apos;probav&apos; opensearch endpoint.</skipped></testcase><testcase classname="tests.test_opensearch" file="tests/test_opensearch.py" line="401" name="test_query_deimos" time="0.001"><skipped message="The server is not implemented yet." type="pytest.skip">tests/test_opensearch.py:401: The server is not implemented yet.</skipped></testcase><testcase classname="tests.test_opensearch" file="tests/test_opensearch.py" line="411" name="test_query_non_unique" time="1.108"><skipped message="expected test failure">Cannot login to protected &apos;probav&apos; opensearch endpoint.</skipped></testcase><testcase classname="tests.test_owsexceptions" file="tests/test_owsexceptions.py" line="3" name="test_owsexceptions_json_formatter" time="0.001"></testcase><testcase classname="tests.test_owsrequest_wms.OWSRequestWmsTestCase" file="tests/test_owsrequest_wms.py" line="18" name="test_get_getcaps_request" time="0.006"></testcase><testcase classname="tests.test_owsrequest_wms.OWSRequestWmsTestCase" file="tests/test_owsrequest_wms.py" line="28" name="test_get_getcaps_request_downcase" time="0.013"></testcase><testcase classname="tests.test_owsrequest_wms.OWSRequestWmsTestCase" file="tests/test_owsrequest_wms.py" line="44" name="test_get_getmetadata_request" time="0.004"></testcase><testcase classname="tests.test_owsrequest_wms.OWSRequestWmsTestCase" file="tests/utils.py" line="38" name="test_get_invalid_request" time="0.006"></testcase><testcase classname="tests.test_owsrequest_wps.OWSRequestWpsTestCase" file="tests/test_owsrequest_wps.py" line="25" name="test_get_describeprocess_request" time="0.003"></testcase><testcase classname="tests.test_owsrequest_wps.OWSRequestWpsTestCase" file="tests/test_owsrequest_wps.py" line="33" name="test_get_execute_request" time="0.003"></testcase><testcase classname="tests.test_owsrequest_wps.OWSRequestWpsTestCase" file="tests/utils.py" line="38" name="test_get_false_request" time="0.003"></testcase><testcase classname="tests.test_owsrequest_wps.OWSRequestWpsTestCase" file="tests/utils.py" line="38" name="test_get_false_service" time="0.005"></testcase><testcase classname="tests.test_owsrequest_wps.OWSRequestWpsTestCase" file="tests/test_owsrequest_wps.py" line="18" name="test_get_getcaps_request" time="0.003"></testcase><testcase classname="tests.test_owsrequest_wps.OWSRequestWpsTestCase" file="tests/utils.py" line="38" name="test_get_missing_request" time="0.005"></testcase><testcase classname="tests.test_owsrequest_wps.OWSRequestWpsTestCase" file="tests/utils.py" line="38" name="test_get_missing_service" time="0.005"></testcase><testcase classname="tests.test_owsrequest_wps.OWSRequestWpsTestCase" file="tests/test_owsrequest_wps.py" line="93" name="test_post_describeprocess_request" time="0.003"></testcase><testcase classname="tests.test_owsrequest_wps.OWSRequestWpsTestCase" file="tests/test_owsrequest_wps.py" line="105" name="test_post_execute_request" time="0.004"></testcase><testcase classname="tests.test_owsrequest_wps.OWSRequestWpsTestCase" file="tests/utils.py" line="38" name="test_post_false_request" time="0.005"></testcase><testcase classname="tests.test_owsrequest_wps.OWSRequestWpsTestCase" file="tests/utils.py" line="38" name="test_post_false_service" time="0.005"></testcase><testcase classname="tests.test_owsrequest_wps.OWSRequestWpsTestCase" file="tests/test_owsrequest_wps.py" line="69" name="test_post_getcaps_request" time="0.004"></testcase><testcase classname="tests.test_utils" file="tests/test_utils.py" line="16" name="test_null" time="0.001"></testcase><testcase classname="tests.test_utils" file="tests/test_utils.py" line="30" name="test_is_url_valid" time="0.001"></testcase><testcase classname="tests.test_utils" file="tests/test_utils.py" line="38" name="test_parse_service_name" time="0.000"></testcase><testcase classname="tests.test_utils" file="tests/test_utils.py" line="49" name="test_get_url_without_query" time="0.000"></testcase><testcase classname="tests.test_utils" file="tests/test_utils.py" line="58" name="test_get_base_url" time="0.000"></testcase><testcase classname="tests.test_utils" file="tests/test_utils.py" line="68" name="test_path_elements" time="0.000"></testcase><testcase classname="tests.test_utils" file="tests/test_utils.py" line="74" name="test_lxml_strip_ns" time="0.001"></testcase><testcase classname="tests.test_utils" file="tests/test_utils.py" line="90" name="test_replace_caps_url_wps" time="0.001"></testcase><testcase classname="tests.test_utils" file="tests/test_utils.py" line="99" name="test_replace_caps_url_wms_111" time="0.002"></testcase><testcase classname="tests.test_utils" file="tests/test_utils.py" line="108" name="test_replace_caps_url_wms_130" time="0.002"></testcase><testcase classname="tests.test_utils" file="tests/test_utils.py" line="126" name="test_parse_request_query_basic" time="0.001"></testcase><testcase classname="tests.test_utils" file="tests/test_utils.py" line="141" name="test_parse_request_query_many_datainputs_multi_case" time="0.001"></testcase><testcase classname="tests.test_utils" file="tests/test_utils.py" line="167" name="test_pass_http_error_doesnt_raise_single_pyramid_error" time="0.000"></testcase><testcase classname="tests.test_utils" file="tests/test_utils.py" line="181" name="test_pass_http_error_doesnt_raise_multi_pyramid_error" time="0.000"></testcase><testcase classname="tests.test_utils" file="tests/test_utils.py" line="195" name="test_pass_http_error_doesnt_raise_requests_error" time="0.000"></testcase><testcase classname="tests.test_utils" file="tests/test_utils.py" line="210" name="test_pass_http_error_raises_pyramid_error_with_single_pyramid_error" time="0.000"></testcase><testcase classname="tests.test_utils" file="tests/test_utils.py" line="218" name="test_pass_http_error_raises_pyramid_error_with_multi_pyramid_error" time="0.000"></testcase><testcase classname="tests.test_utils" file="tests/test_utils.py" line="226" name="test_pass_http_error_raises_requests_error_with_single_pyramid_error" time="0.000"></testcase><testcase classname="tests.test_utils" file="tests/test_utils.py" line="234" name="test_pass_http_error_raises_requests_error_with_multi_pyramid_error" time="0.000"></testcase><testcase classname="tests.test_utils" file="tests/test_utils.py" line="242" name="test_pass_http_error_raises_other_error_with_single_pyramid_error" time="0.001"></testcase><testcase classname="tests.test_utils" file="tests/test_utils.py" line="250" name="test_pass_http_error_raises_other_error_with_multi_pyramid_error" time="0.000"></testcase><testcase classname="tests.test_utils" file="tests/test_utils.py" line="265" name="test_map_status_ogc_compliant" time="0.000"></testcase><testcase classname="tests.test_utils" file="tests/test_utils.py" line="272" name="test_map_status_pywps_compliant" time="0.000"></testcase><testcase classname="tests.test_utils" file="tests/test_utils.py" line="279" name="test_map_status_owslib_compliant" time="0.001"></testcase><testcase classname="tests.test_utils" file="tests/test_utils.py" line="286" name="test_map_status_back_compatibility_and_special_cases" time="0.000"></testcase><testcase classname="tests.test_utils" file="tests/test_utils.py" line="291" name="test_map_status_pywps_compliant_as_int_statuses" time="0.000"></testcase><testcase classname="tests.test_utils" file="tests/test_utils.py" line="298" name="test_map_status_pywps_back_and_forth" time="0.001"></testcase><testcase classname="tests.test_utils" file="tests/test_utils.py" line="304" name="test_get_sane_name_replace" time="0.000"></testcase><testcase classname="tests.test_utils" file="tests/test_utils.py" line="314" name="test_assert_sane_name" time="0.001"></testcase><testcase classname="tests.functional.test_builtin.BuiltinAppTest" file="tests/functional/test_builtin.py" line="57" name="test_jsonarray2netcdf_describe" time="0.091"><system-err>Resolved &apos;/tmp/tmpS01p2K/package&apos; to &apos;file:///tmp/tmpS01p2K/package&apos;
</system-err></testcase><testcase classname="tests.functional.test_builtin.BuiltinAppTest" file="tests/utils.py" line="54" name="test_jsonarray2netcdf_execute" time="3.192"><system-err>Resolved &apos;/tmp/tmpR7ddvu/package&apos; to &apos;file:///tmp/tmpR7ddvu/package&apos;
Resolved &apos;/tmp/tmpBoBRqm/jsonarray2netcdf&apos; to &apos;file:///tmp/tmpBoBRqm/jsonarray2netcdf&apos;
../../../../../tmp/tmpBoBRqm/jsonarray2netcdf:1:614:   checking item
../../../../../tmp/tmpBoBRqm/jsonarray2netcdf:1:614:     Field `class` contains undefined reference to `file:///tmp/tmpBoBRqm/BuiltinRequirement`
../../../../../tmp/tmpBoBRqm/jsonarray2netcdf:1:614: Unknown hint file:///tmp/tmpBoBRqm/BuiltinRequirement
[job jsonarray2netcdf] /tmp/tmpXvtMYQ$ /home/francis/VISI/PAVICS/weaver/bin/python \
    /home/francis/VISI/PAVICS/weaver/weaver/processes/builtin/jsonarray2netcdf.py \
    -o \
    /tmp/tmpXvtMYQ \
    -i \
    /tmp/tmplo_C6e/stg367c9512-6310-4beb-8966-e38a28f74041/tmp73UjY8.json
Parsing inputs of &apos;jsonarray2netcdf&apos; process.
Process &apos;jsonarray2netcdf&apos; execution starting...
Process &apos;jsonarray2netcdf&apos; execution completed.
[job jsonarray2netcdf] completed success
</system-err></testcase><testcase classname="tests.functional.test_ems_end2end.End2EndEMSTestCase" file="tests/functional/test_ems_end2end.py" line="659" name="test_workflow_S2_and_ProbaV" time="12.587"><skipped message="expected test failure">Interoperability of remote servers not guaranteed.</skipped></testcase><testcase classname="tests.functional.test_ems_end2end.End2EndEMSTestCase" file="tests/functional/test_ems_end2end.py" line="665" name="test_workflow_custom" time="5.528"><skipped message="expected test failure">Interoperability of remote servers not guaranteed.</skipped></testcase><testcase classname="tests.functional.test_ems_end2end.End2EndEMSTestCase" file="tests/functional/test_ems_end2end.py" line="565" name="test_workflow_end2end_with_auth" time="0.359"><skipped message="expected test failure">Interoperability of remote servers not guaranteed.</skipped></testcase><testcase classname="tests.functional.test_ems_end2end.End2EndEMSTestCase" file="tests/functional/test_ems_end2end.py" line="671" name="test_workflow_flood_detection" time="0.336"><skipped message="expected test failure">Interoperability of remote servers not guaranteed.</skipped></testcase><testcase classname="tests.functional.test_ems_end2end.End2EndEMSTestCase" file="tests/functional/test_ems_end2end.py" line="653" name="test_workflow_simple_chain" time="5.368"><skipped message="expected test failure">Interoperability of remote servers not guaranteed.</skipped></testcase><testcase classname="tests.functional.test_ems_end2end.End2EndEMSTestCase" file="tests/functional/test_ems_end2end.py" line="555" name="test_workflow_wps1_requirements" time="29.459"><failure message="RuntimeError: NoneTest Assertion Failed:
Maximum timeout reached for job execution test. Expected job status change from &apos;accepted&apos; to &apos;running&apos; within 10s since first &apos;accepted&apos;.">Traceback (most recent call last):
  File &quot;/home/francis/VISI/PAVICS/weaver/tests/functional/test_ems_end2end.py&quot;, line 559, in test_workflow_wps1_requirements
    log_full_trace=True)
  File &quot;/home/francis/VISI/PAVICS/weaver/tests/functional/test_ems_end2end.py&quot;, line 723, in workflow_runner
    self.validate_test_job_execution(job_location, None, None)
  File &quot;/home/francis/VISI/PAVICS/weaver/tests/functional/test_ems_end2end.py&quot;, line 738, in validate_test_job_execution
    .format(STATUS_ACCEPTED, STATUS_RUNNING, self.WEAVER_TEST_JOB_ACCEPTED_MAX_TIMEOUT))
  File &quot;/home/francis/VISI/PAVICS/weaver/tests/functional/test_ems_end2end.py&quot;, line 510, in assert_test
    cls.log(&quot;{}{}:\n{}\n&quot;.format(cls.logger_separator_calls, title, message), exception=True)
  File &quot;/home/francis/VISI/PAVICS/weaver/tests/functional/test_ems_end2end.py&quot;, line 521, in log
    raise RuntimeError(message)
RuntimeError: NoneTest Assertion Failed:
Maximum timeout reached for job execution test. Expected job status change from &apos;accepted&apos; to &apos;running&apos; within 10s since first &apos;accepted&apos;.</failure></testcase><testcase classname="tests.functional.test_ems_end2end.End2EndEMSTestCase" file="tests/functional/test_ems_end2end.py" line="560" name="test_workflow_wps3_requirements" time="5.668"><failure message="RuntimeError: NoneTest Assertion Failed:
Job execution &apos;https://localhost:4000/processes/End2EndEMSTestCase_Workflow/jobs/e9b09c63-785a-4378-b3d7-31f5bfa853e1&apos; failed, but expected to succeed.">Traceback (most recent call last):
  File &quot;/home/francis/VISI/PAVICS/weaver/tests/functional/test_ems_end2end.py&quot;, line 564, in test_workflow_wps3_requirements
    log_full_trace=True)
  File &quot;/home/francis/VISI/PAVICS/weaver/tests/functional/test_ems_end2end.py&quot;, line 723, in workflow_runner
    self.validate_test_job_execution(job_location, None, None)
  File &quot;/home/francis/VISI/PAVICS/weaver/tests/functional/test_ems_end2end.py&quot;, line 758, in validate_test_job_execution
    message=&quot;Job execution &apos;{}&apos; failed, but expected to succeed.&quot;.format(job_location_url))
  File &quot;/home/francis/VISI/PAVICS/weaver/tests/functional/test_ems_end2end.py&quot;, line 510, in assert_test
    cls.log(&quot;{}{}:\n{}\n&quot;.format(cls.logger_separator_calls, title, message), exception=True)
  File &quot;/home/francis/VISI/PAVICS/weaver/tests/functional/test_ems_end2end.py&quot;, line 521, in log
    raise RuntimeError(message)
RuntimeError: NoneTest Assertion Failed:
Job execution &apos;https://localhost:4000/processes/End2EndEMSTestCase_Workflow/jobs/e9b09c63-785a-4378-b3d7-31f5bfa853e1&apos; failed, but expected to succeed.</failure></testcase><testcase classname="tests.functional.test_wps_app.WpsAppTest" file="tests/functional/test_wps_app.py" line="83" name="test_describeprocess" time="0.103"></testcase><testcase classname="tests.functional.test_wps_app.WpsAppTest" file="tests/functional/test_wps_app.py" line="91" name="test_describeprocess_filtered_processes_by_visibility" time="0.167"></testcase><testcase classname="tests.functional.test_wps_app.WpsAppTest" file="tests/functional/test_wps_app.py" line="107" name="test_execute_allowed" time="0.209"></testcase><testcase classname="tests.functional.test_wps_app.WpsAppTest" file="tests/functional/test_wps_app.py" line="116" name="test_execute_with_visibility" time="0.169"></testcase><testcase classname="tests.functional.test_wps_app.WpsAppTest" file="tests/functional/test_wps_app.py" line="62" name="test_getcaps" time="0.124"></testcase><testcase classname="tests.functional.test_wps_app.WpsAppTest" file="tests/functional/test_wps_app.py" line="69" name="test_getcaps_filtered_processes_by_visibility" time="0.141"></testcase><testcase classname="tests.functional.test_wps_package.WpsPackageAppTest" file="tests/functional/test_wps_package.py" line="180" name="test_complex_io_from_package" time="0.063"><skipped message="expected test failure">not implemented</skipped></testcase><testcase classname="tests.functional.test_wps_package.WpsPackageAppTest" file="tests/functional/test_wps_package.py" line="185" name="test_complex_io_from_package_and_offering" time="0.097"><skipped message="expected test failure">not implemented</skipped></testcase><testcase classname="tests.functional.test_wps_package.WpsPackageAppTest" file="tests/functional/test_wps_package.py" line="113" name="test_complex_io_with_multiple_formats" time="1.202"><failure message="AppError: Bad response: 422 Unprocessable Entity (not 200 OK or 3xx redirect for http://localhost/processes)
&apos;{&quot;status&quot;: &quot;422 Unprocessable Entity&quot;, &quot;code&quot;: 422, &quot;description&quot;: &quot;Unable to process the contained instructions. Invalid package/reference definition. Loading package content generated error: [ValidationException(\&apos;../../../../../tmp/tmpaEwr1E/package:1:1: Object `../../../../../tmp/tmpaEwr1E/package` is not valid because tried `CommandLineTool` but ../../../../../tmp/tmpaEwr1E/package:1:24: the `inputs` field is not valid because ../../../../../tmp/tmpaEwr1E/package:1:262: item is invalid because ../../../../../tmp/tmpaEwr1E/package:1:272: the `type` field is not valid because - tried CommandInputRecordSchema but ../../../../../tmp/tmpaEwr1E/package:1:298: * the `type` field is not valid because the value \&apos;array\&apos; is not a valid Record_symbol, expected \&apos;record\&apos; ../../../../../tmp/tmpaEwr1E/package:1:281: * invalid field `items`, expected one of: \&apos;fields\&apos;, \&apos;type\&apos;, \&apos;label\&apos; ../../../../../tmp/tmpaEwr1E/package:1:315: * invalid field `format`, expected one of: \&apos;fields\&apos;, \&apos;type\&apos;, \&apos;label\&apos; ../../../../../tmp/tmpaEwr1E/package:1:272: - tried CommandInputEnumSchema but * missing required field `symbols` ../../../../../tmp/tmpaEwr1E/package:1:298: * the `type` field is not valid because the value \&apos;array\&apos; is not a valid Enum_symbol, expected \&apos;enum\&apos; ../../../../../tmp/tmpaEwr1E/package:1:281: * invalid field `items`, expected one of: \&apos;symbols\&apos;, \&apos;type\&apos;, \&apos;label\&apos;, \&apos;inputBinding\&apos; ../../../../../tmp/tmpaEwr1E/package:1:315: * invalid field `format`, expected one of: \&apos;symbols\&apos;, \&apos;type\&apos;, \&apos;label\&apos;, \&apos;inputBinding\&apos; ../../../../../tmp/tmpaEwr1E/package:1:272: - tried CommandInputArraySchema but ../../../../../tmp/tmpaEwr1E/package:1:315: invalid field `format`, expected one of: \&apos;items\&apos;, \&apos;type\&apos;, \&apos;label\&apos;, \&apos;inputBinding\&apos;,)].&quot;, &quot;title&quot;: &quot;Unprocessable Entity&quot;}&apos;">Traceback (most recent call last):
  File &quot;/home/francis/VISI/PAVICS/weaver/tests/functional/test_wps_package.py&quot;, line 178, in test_complex_io_with_multiple_formats
    desc, pkg = self.deploy_process(body)
  File &quot;/home/francis/VISI/PAVICS/weaver/tests/functional/test_wps_package.py&quot;, line 48, in deploy_process
    resp = mocked_sub_requests(self.app, &quot;post_json&quot;, &quot;/processes&quot;, params=payload, headers=json_headers)
  File &quot;/home/francis/VISI/PAVICS/weaver/tests/utils.py&quot;, line 281, in mocked_sub_requests
    return request_func(*args, **kwargs)
  File &quot;/home/francis/DEV/conda/envs/weaver/lib/python2.7/site-packages/webtest/utils.py&quot;, line 36, in wrapper
    return self._gen_request(method, url, **kw)
  File &quot;/home/francis/DEV/conda/envs/weaver/lib/python2.7/site-packages/webtest/app.py&quot;, line 758, in _gen_request
    expect_errors=expect_errors)
  File &quot;/home/francis/DEV/conda/envs/weaver/lib/python2.7/site-packages/webtest/app.py&quot;, line 654, in do_request
    self._check_status(status, res)
  File &quot;/home/francis/DEV/conda/envs/weaver/lib/python2.7/site-packages/webtest/app.py&quot;, line 686, in _check_status
    res)
AppError: Bad response: 422 Unprocessable Entity (not 200 OK or 3xx redirect for http://localhost/processes)
&apos;{&quot;status&quot;: &quot;422 Unprocessable Entity&quot;, &quot;code&quot;: 422, &quot;description&quot;: &quot;Unable to process the contained instructions. Invalid package/reference definition. Loading package content generated error: [ValidationException(\&apos;../../../../../tmp/tmpaEwr1E/package:1:1: Object `../../../../../tmp/tmpaEwr1E/package` is not valid because tried `CommandLineTool` but ../../../../../tmp/tmpaEwr1E/package:1:24: the `inputs` field is not valid because ../../../../../tmp/tmpaEwr1E/package:1:262: item is invalid because ../../../../../tmp/tmpaEwr1E/package:1:272: the `type` field is not valid because - tried CommandInputRecordSchema but ../../../../../tmp/tmpaEwr1E/package:1:298: * the `type` field is not valid because the value \&apos;array\&apos; is not a valid Record_symbol, expected \&apos;record\&apos; ../../../../../tmp/tmpaEwr1E/package:1:281: * invalid field `items`, expected one of: \&apos;fields\&apos;, \&apos;type\&apos;, \&apos;label\&apos; ../../../../../tmp/tmpaEwr1E/package:1:315: * invalid field `format`, expected one of: \&apos;fields\&apos;, \&apos;type\&apos;, \&apos;label\&apos; ../../../../../tmp/tmpaEwr1E/package:1:272: - tried CommandInputEnumSchema but * missing required field `symbols` ../../../../../tmp/tmpaEwr1E/package:1:298: * the `type` field is not valid because the value \&apos;array\&apos; is not a valid Enum_symbol, expected \&apos;enum\&apos; ../../../../../tmp/tmpaEwr1E/package:1:281: * invalid field `items`, expected one of: \&apos;symbols\&apos;, \&apos;type\&apos;, \&apos;label\&apos;, \&apos;inputBinding\&apos; ../../../../../tmp/tmpaEwr1E/package:1:315: * invalid field `format`, expected one of: \&apos;symbols\&apos;, \&apos;type\&apos;, \&apos;label\&apos;, \&apos;inputBinding\&apos; ../../../../../tmp/tmpaEwr1E/package:1:272: - tried CommandInputArraySchema but ../../../../../tmp/tmpaEwr1E/package:1:315: invalid field `format`, expected one of: \&apos;items\&apos;, \&apos;type\&apos;, \&apos;label\&apos;, \&apos;inputBinding\&apos;,)].&quot;, &quot;title&quot;: &quot;Unprocessable Entity&quot;}&apos;</failure><system-err>Resolved &apos;/tmp/tmpaEwr1E/package&apos; to &apos;file:///tmp/tmpaEwr1E/package&apos;
</system-err></testcase><testcase classname="tests.functional.test_wps_package.WpsPackageAppTest" file="tests/functional/test_wps_package.py" line="263" name="test_enum_array_and_multi_format_inputs_from_wps_xml_reference" time="1.437"><failure message="TypeError: string indices must be integers">Traceback (most recent call last):
  File &quot;/home/francis/VISI/PAVICS/weaver/tests/functional/test_wps_package.py&quot;, line 291, in test_enum_array_and_multi_format_inputs_from_wps_xml_reference
    assert pkg[&quot;inputs&quot;][&quot;resource&quot;][&quot;format&quot;][&quot;schema&quot;] is EDAM_NETCDF
TypeError: string indices must be integers</failure><system-err>Resolved &apos;/tmp/tmpNiiehe/package&apos; to &apos;file:///tmp/tmpNiiehe/package&apos;
../../../../../tmp/tmpNiiehe/package:1:2268:   checking item
../../../../../tmp/tmpNiiehe/package:1:2268:     Field `class` contains undefined reference to `file:///tmp/tmpNiiehe/WPS1Requirement`
../../../../../tmp/tmpNiiehe/package:1:2268: Unknown hint file:///tmp/tmpNiiehe/WPS1Requirement
</system-err></testcase><testcase classname="tests.functional.test_wps_package.WpsPackageAppTest" file="tests/functional/test_wps_package.py" line="189" name="test_literal_and_complex_io_from_wps_xml_reference" time="1.078"><system-err>Resolved &apos;/tmp/tmpytHHbh/package&apos; to &apos;file:///tmp/tmpytHHbh/package&apos;
../../../../../tmp/tmpytHHbh/package:1:628:   checking item
../../../../../tmp/tmpytHHbh/package:1:628:     Field `class` contains undefined reference to `file:///tmp/tmpytHHbh/WPS1Requirement`
../../../../../tmp/tmpytHHbh/package:1:628: Unknown hint file:///tmp/tmpytHHbh/WPS1Requirement
</system-err></testcase><testcase classname="tests.functional.test_wps_package.WpsPackageAppTest" file="tests/functional/test_wps_package.py" line="60" name="test_literal_io_from_package" time="0.136"><system-err>Resolved &apos;/tmp/tmpoBWEm6/package&apos; to &apos;file:///tmp/tmpoBWEm6/package&apos;
</system-err></testcase><testcase classname="tests.functional.test_wps_package.WpsPackageAppTest" file="tests/functional/test_wps_package.py" line="109" name="test_literal_io_from_package_and_offering" time="0.065"><skipped message="expected test failure">not implemented</skipped></testcase><testcase classname="tests.functional.test_wps_package.WpsPackageAppTest" file="tests/functional/test_wps_package.py" line="335" name="test_multi_format_outputs_from_wps_xml_reference" time="0.091"><skipped message="expected test failure">not implemented</skipped></testcase><testcase classname="tests.processes.test_wps_package" file="tests/processes/test_wps_package.py" line="10" name="test_json2wps_datatype" time="0.001"></testcase><testcase classname="tests.processes.test_wps_package" file="tests/processes/test_wps_package.py" line="39" name="test_is_cwl_array_type_explicit_invalid_item" time="0.000"></testcase><testcase classname="tests.processes.test_wps_package" file="tests/processes/test_wps_package.py" line="51" name="test_is_cwl_array_type_shorthand_invalid_item" time="0.000"></testcase><testcase classname="tests.processes.test_wps_package" file="tests/processes/test_wps_package.py" line="70" name="test_is_cwl_array_type_not_array" time="0.001"></testcase><testcase classname="tests.processes.test_wps_package" file="tests/processes/test_wps_package.py" line="82" name="test_is_cwl_array_type_simple_enum" time="0.000"></testcase><testcase classname="tests.processes.test_wps_package" file="tests/processes/test_wps_package.py" line="95" name="test_is_cwl_array_type_explicit_base" time="0.001"></testcase><testcase classname="tests.processes.test_wps_package" file="tests/processes/test_wps_package.py" line="110" name="test_is_cwl_array_type_explicit_enum" time="0.000"></testcase><testcase classname="tests.processes.test_wps_package" file="tests/processes/test_wps_package.py" line="128" name="test_is_cwl_array_type_shorthand_base" time="0.000"></testcase><testcase classname="tests.processes.test_wps_package" file="tests/processes/test_wps_package.py" line="140" name="test_is_cwl_array_type_shorthand_enum" time="0.001"></testcase><testcase classname="tests.processes.test_wps_package" file="tests/processes/test_wps_package.py" line="153" name="test_is_cwl_enum_type_string" time="0.000"></testcase><testcase classname="tests.processes.test_wps_package" file="tests/processes/test_wps_package.py" line="168" name="test_is_cwl_enum_type_float" time="0.000"></testcase><testcase classname="tests.processes.test_wps_package" file="tests/processes/test_wps_package.py" line="183" name="test_is_cwl_enum_type_int" time="0.000"></testcase><testcase classname="tests.restapi.test_api.GenericApiRoutesTestCase" file="tests/restapi/test_api.py" line="27" name="test_frontpage_format" time="0.116"></testcase><testcase classname="tests.restapi.test_api.GenericApiRoutesTestCase" file="tests/restapi/test_api.py" line="66" name="test_status_not_found_and_method_not_allowed" time="0.003"></testcase><testcase classname="tests.restapi.test_api.GenericApiRoutesTestCase" file="tests/restapi/test_api.py" line="57" name="test_status_unauthorized_and_forbidden" time="0.003"></testcase><testcase classname="tests.restapi.test_api.GenericApiRoutesTestCase" file="tests/restapi/test_api.py" line="43" name="test_swagger_api_format" time="0.029"></testcase><testcase classname="tests.restapi.test_api.GenericApiRoutesTestCase" file="tests/restapi/test_api.py" line="35" name="test_version_format" time="0.002"></testcase><testcase classname="tests.restapi.test_api.RebasedApiRoutesTestCase" file="tests/restapi/test_api.py" line="116" name="test_swagger_api_request_base_path_original" time="0.120"></testcase><testcase classname="tests.restapi.test_api.RebasedApiRoutesTestCase" file="tests/restapi/test_api.py" line="96" name="test_swagger_api_request_base_path_proxied" time="0.016"></testcase><testcase classname="tests.restapi.test_jobs.WpsRestApiJobsTest" file="tests/restapi/test_jobs.py" line="192" name="test_get_jobs_detail" time="0.249"></testcase><testcase classname="tests.restapi.test_jobs.WpsRestApiJobsTest" file="tests/restapi/test_jobs.py" line="179" name="test_get_jobs_normal" time="0.177"></testcase><testcase classname="tests.restapi.test_jobs.WpsRestApiJobsTest" file="tests/restapi/test_jobs.py" line="248" name="test_get_jobs_private_process_not_returned_in_query" time="0.169"></testcase><testcase classname="tests.restapi.test_jobs.WpsRestApiJobsTest" file="tests/restapi/test_jobs.py" line="242" name="test_get_jobs_private_process_unauthorized_in_path" time="0.220"></testcase><testcase classname="tests.restapi.test_jobs.WpsRestApiJobsTest" file="tests/restapi/test_jobs.py" line="266" name="test_get_jobs_private_service_public_process_unauthorized_in_path" time="0.169"></testcase><testcase classname="tests.restapi.test_jobs.WpsRestApiJobsTest" file="tests/restapi/test_jobs.py" line="272" name="test_get_jobs_private_service_public_process_unauthorized_in_query" time="0.165"></testcase><testcase classname="tests.restapi.test_jobs.WpsRestApiJobsTest" file="tests/restapi/test_jobs.py" line="222" name="test_get_jobs_process_in_path_detail" time="0.173"></testcase><testcase classname="tests.restapi.test_jobs.WpsRestApiJobsTest" file="tests/restapi/test_jobs.py" line="215" name="test_get_jobs_process_in_path_normal" time="0.171"></testcase><testcase classname="tests.restapi.test_jobs.WpsRestApiJobsTest" file="tests/restapi/test_jobs.py" line="207" name="test_get_jobs_process_in_query_detail" time="0.312"></testcase><testcase classname="tests.restapi.test_jobs.WpsRestApiJobsTest" file="tests/restapi/test_jobs.py" line="200" name="test_get_jobs_process_in_query_normal" time="0.175"></testcase><testcase classname="tests.restapi.test_jobs.WpsRestApiJobsTest" file="tests/restapi/test_jobs.py" line="230" name="test_get_jobs_process_unknown_in_path" time="0.168"></testcase><testcase classname="tests.restapi.test_jobs.WpsRestApiJobsTest" file="tests/restapi/test_jobs.py" line="236" name="test_get_jobs_process_unknown_in_query" time="0.169"></testcase><testcase classname="tests.restapi.test_jobs.WpsRestApiJobsTest" file="tests/utils.py" line="54" name="test_get_jobs_public_service_no_processes" time="0.172"></testcase><testcase classname="tests.restapi.test_jobs.WpsRestApiJobsTest" file="tests/utils.py" line="54" name="test_get_jobs_public_service_private_process_unauthorized_in_query" time="0.161"></testcase><testcase classname="tests.restapi.test_jobs.WpsRestApiJobsTest" file="tests/utils.py" line="54" name="test_get_jobs_public_with_access_and_request_user" time="0.381"></testcase><testcase classname="tests.restapi.test_jobs.WpsRestApiJobsTest" file="tests/restapi/test_jobs.py" line="254" name="test_get_jobs_service_and_process_unknown_in_path" time="0.152"></testcase><testcase classname="tests.restapi.test_jobs.WpsRestApiJobsTest" file="tests/restapi/test_jobs.py" line="260" name="test_get_jobs_service_and_process_unknown_in_query" time="0.164"></testcase><testcase classname="tests.restapi.test_processes.WpsRestApiProcessesTest" file="tests/restapi/test_processes.py" line="474" name="test_delete_process_bad_name" time="0.217"></testcase><testcase classname="tests.restapi.test_processes.WpsRestApiProcessesTest" file="tests/restapi/test_processes.py" line="462" name="test_delete_process_not_accessible" time="0.054"></testcase><testcase classname="tests.restapi.test_processes.WpsRestApiProcessesTest" file="tests/restapi/test_processes.py" line="468" name="test_delete_process_not_found" time="0.040"></testcase><testcase classname="tests.restapi.test_processes.WpsRestApiProcessesTest" file="tests/restapi/test_processes.py" line="452" name="test_delete_process_success" time="0.052"></testcase><testcase classname="tests.restapi.test_processes.WpsRestApiProcessesTest" file="tests/restapi/test_processes.py" line="366" name="test_deploy_process_CWL_DockerRequirement_executionUnit" time="0.119"><skipped message="expected test failure">not implemented</skipped></testcase><testcase classname="tests.restapi.test_processes.WpsRestApiProcessesTest" file="tests/restapi/test_processes.py" line="356" name="test_deploy_process_CWL_DockerRequirement_href" time="0.043"><skipped message="expected test failure">not implemented</skipped></testcase><testcase classname="tests.restapi.test_processes.WpsRestApiProcessesTest" file="tests/restapi/test_processes.py" line="361" name="test_deploy_process_CWL_DockerRequirement_owsContext" time="0.043"><skipped message="expected test failure">not implemented</skipped></testcase><testcase classname="tests.restapi.test_processes.WpsRestApiProcessesTest" file="tests/restapi/test_processes.py" line="381" name="test_deploy_process_CWL_WPS1Requirement_executionUnit" time="0.041"><skipped message="expected test failure">not implemented</skipped></testcase><testcase classname="tests.restapi.test_processes.WpsRestApiProcessesTest" file="tests/restapi/test_processes.py" line="371" name="test_deploy_process_CWL_WPS1Requirement_href" time="0.048"><skipped message="expected test failure">not implemented</skipped></testcase><testcase classname="tests.restapi.test_processes.WpsRestApiProcessesTest" file="tests/restapi/test_processes.py" line="376" name="test_deploy_process_CWL_WPS1Requirement_owsContext" time="0.044"><skipped message="expected test failure">not implemented</skipped></testcase><testcase classname="tests.restapi.test_processes.WpsRestApiProcessesTest" file="tests/restapi/test_processes.py" line="55" name="test_deploy_process_WPS1_DescribeProcess_executionUnit" time="0.416"><system-err>Resolved &apos;/tmp/tmp2zWX9G/package&apos; to &apos;file:///tmp/tmp2zWX9G/package&apos;
../../../../../tmp/tmp2zWX9G/package:1:297:   checking item
../../../../../tmp/tmp2zWX9G/package:1:297:     Field `class` contains undefined reference to `file:///tmp/tmp2zWX9G/WPS1Requirement`
../../../../../tmp/tmp2zWX9G/package:1:297: Unknown hint file:///tmp/tmp2zWX9G/WPS1Requirement
</system-err></testcase><testcase classname="tests.restapi.test_processes.WpsRestApiProcessesTest" file="tests/restapi/test_processes.py" line="55" name="test_deploy_process_WPS1_DescribeProcess_href" time="0.373"><system-err>Resolved &apos;/tmp/tmpKdxz8H/package&apos; to &apos;file:///tmp/tmpKdxz8H/package&apos;
../../../../../tmp/tmpKdxz8H/package:1:297:   checking item
../../../../../tmp/tmpKdxz8H/package:1:297:     Field `class` contains undefined reference to `file:///tmp/tmpKdxz8H/WPS1Requirement`
../../../../../tmp/tmpKdxz8H/package:1:297: Unknown hint file:///tmp/tmpKdxz8H/WPS1Requirement
</system-err></testcase><testcase classname="tests.restapi.test_processes.WpsRestApiProcessesTest" file="tests/restapi/test_processes.py" line="55" name="test_deploy_process_WPS1_DescribeProcess_owsContext" time="0.403"><system-err>Resolved &apos;/tmp/tmpaAUhFB/package&apos; to &apos;file:///tmp/tmpaAUhFB/package&apos;
../../../../../tmp/tmpaAUhFB/package:1:297:   checking item
../../../../../tmp/tmpaAUhFB/package:1:297:     Field `class` contains undefined reference to `file:///tmp/tmpaAUhFB/WPS1Requirement`
../../../../../tmp/tmpaAUhFB/package:1:297: Unknown hint file:///tmp/tmpaAUhFB/WPS1Requirement
</system-err></testcase><testcase classname="tests.restapi.test_processes.WpsRestApiProcessesTest" file="tests/restapi/test_processes.py" line="428" name="test_deploy_process_WPS1_GetCapabilities_executionUnit" time="0.000"><skipped message="not implemented" type="pytest.skip">tests/restapi/test_processes.py:428: not implemented</skipped></testcase><testcase classname="tests.restapi.test_processes.WpsRestApiProcessesTest" file="tests/restapi/test_processes.py" line="411" name="test_deploy_process_WPS1_GetCapabilities_href" time="0.000"><skipped message="not implemented" type="pytest.skip">tests/restapi/test_processes.py:411: not implemented</skipped></testcase><testcase classname="tests.restapi.test_processes.WpsRestApiProcessesTest" file="tests/restapi/test_processes.py" line="419" name="test_deploy_process_WPS1_GetCapabilities_owsContext" time="0.000"><skipped message="not implemented" type="pytest.skip">tests/restapi/test_processes.py:419: not implemented</skipped></testcase><testcase classname="tests.restapi.test_processes.WpsRestApiProcessesTest" file="tests/restapi/test_processes.py" line="448" name="test_deploy_process_WPS2_DescribeProcess_executionUnit" time="0.034"><skipped message="expected test failure">not implemented</skipped></testcase><testcase classname="tests.restapi.test_processes.WpsRestApiProcessesTest" file="tests/restapi/test_processes.py" line="438" name="test_deploy_process_WPS2_DescribeProcess_href" time="0.046"><skipped message="expected test failure">not implemented</skipped></testcase><testcase classname="tests.restapi.test_processes.WpsRestApiProcessesTest" file="tests/restapi/test_processes.py" line="443" name="test_deploy_process_WPS2_DescribeProcess_owsContext" time="0.039"><skipped message="expected test failure">not implemented</skipped></testcase><testcase classname="tests.restapi.test_processes.WpsRestApiProcessesTest" file="tests/utils.py" line="54" name="test_deploy_process_bad_name" time="0.049"></testcase><testcase classname="tests.restapi.test_processes.WpsRestApiProcessesTest" file="tests/utils.py" line="54" name="test_deploy_process_conflict" time="0.046"></testcase><testcase classname="tests.restapi.test_processes.WpsRestApiProcessesTest" file="tests/utils.py" line="54" name="test_deploy_process_default_endpoint_wps1" time="0.094"></testcase><testcase classname="tests.restapi.test_processes.WpsRestApiProcessesTest" file="tests/utils.py" line="54" name="test_deploy_process_missing_or_invalid_components" time="0.056"></testcase><testcase classname="tests.restapi.test_processes.WpsRestApiProcessesTest" file="tests/utils.py" line="54" name="test_deploy_process_success" time="0.043"></testcase><testcase classname="tests.restapi.test_processes.WpsRestApiProcessesTest" file="tests/restapi/test_processes.py" line="214" name="test_describe_process_visibility_private" time="0.049"></testcase><testcase classname="tests.restapi.test_processes.WpsRestApiProcessesTest" file="tests/restapi/test_processes.py" line="208" name="test_describe_process_visibility_public" time="0.046"></testcase><testcase classname="tests.restapi.test_processes.WpsRestApiProcessesTest" file="tests/restapi/test_processes.py" line="507" name="test_execute_process_missing_required_params" time="0.147"></testcase><testcase classname="tests.restapi.test_processes.WpsRestApiProcessesTest" file="../../../DEV/conda/envs/weaver/lib/python2.7/unittest/case.py" line="87" name="test_execute_process_mode_sync_not_supported" time="0.042"><skipped message="expected test failure">reason: </skipped></testcase><testcase classname="tests.restapi.test_processes.WpsRestApiProcessesTest" file="tests/utils.py" line="54" name="test_execute_process_no_error_not_required_params" time="0.092"></testcase><testcase classname="tests.restapi.test_processes.WpsRestApiProcessesTest" file="tests/restapi/test_processes.py" line="501" name="test_execute_process_no_json_body" time="0.067"></testcase><testcase classname="tests.restapi.test_processes.WpsRestApiProcessesTest" file="tests/restapi/test_processes.py" line="572" name="test_execute_process_not_visible" time="0.045"></testcase><testcase classname="tests.restapi.test_processes.WpsRestApiProcessesTest" file="tests/utils.py" line="54" name="test_execute_process_success" time="0.088"></testcase><testcase classname="tests.restapi.test_processes.WpsRestApiProcessesTest" file="../../../DEV/conda/envs/weaver/lib/python2.7/unittest/case.py" line="87" name="test_execute_process_transmission_mode_value_not_supported" time="0.074"><skipped message="expected test failure">reason: </skipped></testcase><testcase classname="tests.restapi.test_processes.WpsRestApiProcessesTest" file="tests/restapi/test_processes.py" line="588" name="test_get_process_visibility_not_found" time="0.044"></testcase><testcase classname="tests.restapi.test_processes.WpsRestApiProcessesTest" file="tests/restapi/test_processes.py" line="579" name="test_get_process_visibility_success" time="0.069"></testcase><testcase classname="tests.restapi.test_processes.WpsRestApiProcessesTest" file="tests/restapi/test_processes.py" line="166" name="test_get_processes" time="0.042"></testcase><testcase classname="tests.restapi.test_processes.WpsRestApiProcessesTest" file="tests/utils.py" line="54" name="test_get_processes_invalid_schemas_handled" time="0.053"></testcase><testcase classname="tests.restapi.test_processes.WpsRestApiProcessesTest" file="tests/restapi/test_processes.py" line="626" name="test_set_process_visibility_bad_formats" time="0.059"></testcase><testcase classname="tests.restapi.test_processes.WpsRestApiProcessesTest" file="tests/restapi/test_processes.py" line="594" name="test_set_process_visibility_success" time="0.058"></testcase><testcase classname="tests.restapi.test_status_codes.StatusCodeTestCase" file="tests/restapi/test_status_codes.py" line="65" name="test_200" time="0.261"><system-err>Resolved &apos;/tmp/tmpJi0KxZ/package&apos; to &apos;file:///tmp/tmpJi0KxZ/package&apos;
</system-err></testcase><testcase classname="tests.restapi.test_status_codes.StatusCodeTestCase" file="../../../DEV/conda/envs/weaver/lib/python2.7/unittest/case.py" line="87" name="test_401" time="0.131"><skipped message="expected test failure">reason: </skipped><system-err>Resolved &apos;/tmp/tmp8J1pj6/package&apos; to &apos;file:///tmp/tmp8J1pj6/package&apos;
</system-err></testcase><testcase classname="tests.restapi.test_status_codes.StatusCodeTestCase" file="tests/restapi/test_status_codes.py" line="77" name="test_404" time="0.106"><system-err>Resolved &apos;/tmp/tmpyhN5DU/package&apos; to &apos;file:///tmp/tmpyhN5DU/package&apos;
</system-err></testcase></testsuite>